[0.009s] Invoking command in '/home/aditi/ros2_ws/build/cashier_system': /usr/bin/cmake --build /home/aditi/ros2_ws/build/cashier_system -- -j8 -l8
[0.034s] -- Found ament_cmake: 1.3.9 (/opt/ros/humble/share/ament_cmake/cmake)
[0.150s] -- Found rclcpp: 16.0.9 (/opt/ros/humble/share/rclcpp/cmake)
[0.179s] -- Found rosidl_generator_c: 3.1.5 (/opt/ros/humble/share/rosidl_generator_c/cmake)
[0.182s] -- Found rosidl_adapter: 3.1.5 (/opt/ros/humble/share/rosidl_adapter/cmake)
[0.187s] -- Found rosidl_generator_cpp: 3.1.5 (/opt/ros/humble/share/rosidl_generator_cpp/cmake)
[0.198s] -- Using all available rosidl_typesupport_c: rosidl_typesupport_fastrtps_c;rosidl_typesupport_introspection_c
[0.213s] -- Using all available rosidl_typesupport_cpp: rosidl_typesupport_fastrtps_cpp;rosidl_typesupport_introspection_cpp
[0.271s] -- Found rmw_implementation_cmake: 6.1.2 (/opt/ros/humble/share/rmw_implementation_cmake/cmake)
[0.272s] -- Found rmw_fastrtps_cpp: 6.2.6 (/opt/ros/humble/share/rmw_fastrtps_cpp/cmake)
[0.394s] -- Using RMW implementation 'rmw_fastrtps_cpp' as default
[0.562s] -- Found rosidl_default_generators: 1.2.0 (/opt/ros/humble/share/rosidl_default_generators/cmake)
[0.745s] Error parsing '/home/aditi/ros2_ws/src/cashier_system/package.xml':
[0.786s] Traceback (most recent call last):
[0.787s]   File "/opt/ros/humble/share/ament_cmake_core/cmake/core/package_xml_2_cmake.py", line 150, in <module>
[0.787s]     main()
[0.787s]   File "/opt/ros/humble/share/ament_cmake_core/cmake/core/package_xml_2_cmake.py", line 53, in main
[0.787s]     raise e
[0.787s]   File "/opt/ros/humble/share/ament_cmake_core/cmake/core/package_xml_2_cmake.py", line 49, in main
[0.787s]     package = parse_package_string(
[0.787s]   File "/usr/lib/python3/dist-packages/catkin_pkg/package.py", line 786, in parse_package_string
[0.787s]     raise InvalidPackage('Error(s):%s' % (''.join(['\n- %s' % e for e in errors])), filename)
[0.787s] catkin_pkg.package.InvalidPackage: Error(s) in package '/home/aditi/ros2_ws/src/cashier_system/package.xml':
[0.787s] Error(s):
[0.787s] - The manifest of package "cashier_system" (with format version 2) must not contain the following tags: member_of_group
[0.800s] [31mCMake Error at /opt/ros/humble/share/ament_cmake_core/cmake/core/ament_package_xml.cmake:95 (message):
[0.800s]   execute_process(/usr/bin/python3
[0.801s]   /opt/ros/humble/share/ament_cmake_core/cmake/core/package_xml_2_cmake.py
[0.801s]   /home/aditi/ros2_ws/src/cashier_system/package.xml
[0.801s]   /home/aditi/ros2_ws/build/cashier_system/ament_cmake_core/package.cmake)
[0.801s]   returned error code 1
[0.801s] Call Stack (most recent call first):
[0.801s]   /opt/ros/humble/share/ament_cmake_core/cmake/core/ament_package_xml.cmake:49 (_ament_package_xml)
[0.801s]   /opt/ros/humble/share/rosidl_cmake/cmake/rosidl_generate_interfaces.cmake:226 (ament_package_xml)
[0.802s]   CMakeLists.txt:11 (rosidl_generate_interfaces)
[0.802s] 
[0.802s] [0m
[0.802s] -- Configuring incomplete, errors occurred!
[0.802s] See also "/home/aditi/ros2_ws/build/cashier_system/CMakeFiles/CMakeOutput.log".
[0.809s] gmake: *** [Makefile:349: cmake_check_build_system] Error 1
[0.811s] Invoked command in '/home/aditi/ros2_ws/build/cashier_system' returned '2': /usr/bin/cmake --build /home/aditi/ros2_ws/build/cashier_system -- -j8 -l8
