[0.009s] Invoking command in '/home/aditi/ros2_ws/build/cashier_system': CMAKE_PREFIX_PATH=/opt/ros/humble /usr/bin/cmake /home/aditi/ros2_ws/src/cashier_system -DAMENT_CMAKE_SYMLINK_INSTALL=1 -DCMAKE_INSTALL_PREFIX=/home/aditi/ros2_ws/install/cashier_system
[0.021s] -- Found ament_cmake: 1.3.9 (/opt/ros/humble/share/ament_cmake/cmake)
[0.137s] -- Override CMake install command with custom implementation using symlinks instead of copying resources
[0.150s] -- Found rclcpp: 16.0.9 (/opt/ros/humble/share/rclcpp/cmake)
[0.180s] -- Found rosidl_generator_c: 3.1.5 (/opt/ros/humble/share/rosidl_generator_c/cmake)
[0.183s] -- Found rosidl_adapter: 3.1.5 (/opt/ros/humble/share/rosidl_adapter/cmake)
[0.188s] -- Found rosidl_generator_cpp: 3.1.5 (/opt/ros/humble/share/rosidl_generator_cpp/cmake)
[0.199s] -- Using all available rosidl_typesupport_c: rosidl_typesupport_fastrtps_c;rosidl_typesupport_introspection_c
[0.215s] -- Using all available rosidl_typesupport_cpp: rosidl_typesupport_fastrtps_cpp;rosidl_typesupport_introspection_cpp
[0.273s] -- Found rmw_implementation_cmake: 6.1.2 (/opt/ros/humble/share/rmw_implementation_cmake/cmake)
[0.274s] -- Found rmw_fastrtps_cpp: 6.2.6 (/opt/ros/humble/share/rmw_fastrtps_cpp/cmake)
[0.401s] -- Using RMW implementation 'rmw_fastrtps_cpp' as default
[0.561s] -- Found rosidl_default_generators: 1.2.0 (/opt/ros/humble/share/rosidl_default_generators/cmake)
[0.798s] -- Found ament_cmake_ros: 0.10.0 (/opt/ros/humble/share/ament_cmake_ros/cmake)
[1.084s] -- Using all available rosidl_typesupport_c: rosidl_typesupport_fastrtps_c;rosidl_typesupport_introspection_c
[1.196s] -- Using all available rosidl_typesupport_cpp: rosidl_typesupport_fastrtps_cpp;rosidl_typesupport_introspection_cpp
[1.218s] -- Found python_cmake_module: 0.10.0 (/opt/ros/humble/share/python_cmake_module/cmake)
[1.240s] -- Using PYTHON_EXECUTABLE: /usr/bin/python3
[1.240s] -- Using PYTHON_INCLUDE_DIRS: /usr/include/python3.10
[1.240s] -- Using PYTHON_LIBRARIES: /usr/lib/x86_64-linux-gnu/libpython3.10.so
[1.252s] -- Found ament_lint_auto: 0.12.11 (/opt/ros/humble/share/ament_lint_auto/cmake)
[1.263s] -- Added test 'copyright' to check source files copyright and LICENSE
[1.264s] -- Added test 'cppcheck' to perform static code analysis on C / C++ code
[1.265s] -- Configured cppcheck include dirs: 
[1.265s] -- Configured cppcheck exclude dirs and/or files: 
[1.266s] -- Added test 'cpplint' to check C / C++ code against the Google style
[1.266s] -- Configured cpplint exclude dirs and/or files: 
[1.266s] -- Added test 'lint_cmake' to check CMake code style
[1.267s] -- Added test 'uncrustify' to check C / C++ code style
[1.267s] -- Configured uncrustify additional arguments: 
[1.268s] -- Added test 'xmllint' to check XML markup files
[1.270s] -- Configuring done
[1.299s] -- Generating done
[1.304s] -- Build files have been written to: /home/aditi/ros2_ws/build/cashier_system
[1.312s] Invoked command in '/home/aditi/ros2_ws/build/cashier_system' returned '0': CMAKE_PREFIX_PATH=/opt/ros/humble /usr/bin/cmake /home/aditi/ros2_ws/src/cashier_system -DAMENT_CMAKE_SYMLINK_INSTALL=1 -DCMAKE_INSTALL_PREFIX=/home/aditi/ros2_ws/install/cashier_system
[1.314s] Invoking command in '/home/aditi/ros2_ws/build/cashier_system': CMAKE_PREFIX_PATH=/opt/ros/humble /usr/bin/cmake --build /home/aditi/ros2_ws/build/cashier_system -- -j8 -l8
[1.371s] failed to create symbolic link '/home/aditi/ros2_ws/build/cashier_system/ament_cmake_python/cashier_system/cashier_system' because existing path cannot be removed: Is a directory
[1.371s] [  6%] [32mBuilding C object CMakeFiles/cashier_system__rosidl_generator_c.dir/rosidl_generator_c/cashier_system/msg/detail/bill__functions.c.o[0m
[1.371s] [  6%] Built target cashier_system__cpp
[1.372s] gmake[2]: *** [CMakeFiles/ament_cmake_python_symlink_cashier_system.dir/build.make:70: CMakeFiles/ament_cmake_python_symlink_cashier_system] Error 1
[1.372s] gmake[1]: *** [CMakeFiles/Makefile2:421: CMakeFiles/ament_cmake_python_symlink_cashier_system.dir/all] Error 2
[1.372s] gmake[1]: *** Waiting for unfinished jobs....
[1.387s] In file included from [01m[K/home/aditi/ros2_ws/build/cashier_system/rosidl_generator_c/cashier_system/msg/detail/bill__functions.h:19[m[K,
[1.387s]                  from [01m[K/home/aditi/ros2_ws/build/cashier_system/rosidl_generator_c/cashier_system/msg/detail/bill__functions.c:4[m[K:
[1.387s] [01m[K/home/aditi/ros2_ws/build/cashier_system/rosidl_generator_c/cashier_system/msg/detail/bill__struct.h:22:10:[m[K [01;31m[Kfatal error: [m[Kbuiltin_interfaces/msg/detail/time__struct.h: No such file or directory
[1.387s]    22 | #include [01;31m[K"builtin_interfaces/msg/detail/time__struct.h"[m[K
[1.387s]       |          [01;31m[K^~~~~~~~~~~~~~~~~~~~~~~~~~~~~~~~~~~~~~~~~~~~~~[m[K
[1.387s] compilation terminated.
[1.388s] gmake[2]: *** [CMakeFiles/cashier_system__rosidl_generator_c.dir/build.make:105: CMakeFiles/cashier_system__rosidl_generator_c.dir/rosidl_generator_c/cashier_system/msg/detail/bill__functions.c.o] Error 1
[1.388s] gmake[1]: *** [CMakeFiles/Makefile2:213: CMakeFiles/cashier_system__rosidl_generator_c.dir/all] Error 2
[1.388s] gmake: *** [Makefile:146: all] Error 2
[1.390s] Invoked command in '/home/aditi/ros2_ws/build/cashier_system' returned '2': CMAKE_PREFIX_PATH=/opt/ros/humble /usr/bin/cmake --build /home/aditi/ros2_ws/build/cashier_system -- -j8 -l8
